<?xml version="1.0" encoding="UTF-8"?>
<testsuite name="recursion1.climbingstairs.SolutionTest" tests="1" skipped="0" failures="0" errors="0" timestamp="2020-03-01T22:43:31" hostname="BatyaMac.local" time="0.004">
  <properties/>
  <testcase name="testSolution" classname="recursion1.climbingstairs.SolutionTest" time="0.004"/>
  <system-out><![CDATA[2
]]></system-out>
  <system-err><![CDATA[]]></system-err>
</testsuite>
